<?xml version="1.0" encoding="UTF-8"?>
<!-- Generated by org.testng.reporters.JUnitReportReporter -->
<testsuite hostname="DESKTOP-V0OJO3P" name="testing.ExtentReport.ExtentReportDemo" tests="1" failures="0" timestamp="30 Jun 2020 09:03:37 GMT" time="18.706" errors="0">
  <testcase name="initialDemo" time="18.706" classname="testing.ExtentReport.ExtentReportDemo"/>
</testsuite> <!-- testing.ExtentReport.ExtentReportDemo -->
